Performing C++ SOURCE FILE Test CXX_SUPPORTS_ARMCRC failed with the following output:
Change Dir: /Users/harper/git/CodecDB/engine/cmake-build-debug/CMakeFiles/CMakeTmp

Run Build Command(s):/usr/bin/make cmTC_81ba0/fast && /Applications/Xcode.app/Contents/Developer/usr/bin/make  -f CMakeFiles/cmTC_81ba0.dir/build.make CMakeFiles/cmTC_81ba0.dir/build
Building CXX object CMakeFiles/cmTC_81ba0.dir/src.cxx.o
/Applications/Xcode.app/Contents/Developer/Toolchains/XcodeDefault.xctoolchain/usr/bin/c++    -DCXX_SUPPORTS_ARMCRC -isysroot /Applications/Xcode.app/Contents/Developer/Platforms/MacOSX.platform/Developer/SDKs/MacOSX10.15.sdk   -march=armv8-a+crc -o CMakeFiles/cmTC_81ba0.dir/src.cxx.o -c /Users/harper/git/CodecDB/engine/cmake-build-debug/CMakeFiles/CMakeTmp/src.cxx
error: unknown target CPU 'armv8-a+crc'
note: valid target CPU values are: nocona, core2, penryn, bonnell, atom, silvermont, slm, goldmont, goldmont-plus, tremont, nehalem, corei7, westmere, sandybridge, corei7-avx, ivybridge, core-avx-i, haswell, core-avx2, broadwell, skylake, skylake-avx512, skx, cascadelake, cooperlake, cannonlake, icelake-client, icelake-server, tigerlake, knl, knm, k8, athlon64, athlon-fx, opteron, k8-sse3, athlon64-sse3, opteron-sse3, amdfam10, barcelona, btver1, btver2, bdver1, bdver2, bdver3, bdver4, znver1, znver2, x86-64
make[1]: *** [CMakeFiles/cmTC_81ba0.dir/src.cxx.o] Error 1
make: *** [cmTC_81ba0/fast] Error 2


Source file was:
int main() { return 0; }
Performing C++ SOURCE FILE Test CXX_SUPPORTS_ARMV8_CRC_CRYPTO failed with the following output:
Change Dir: /Users/harper/git/CodecDB/engine/cmake-build-debug/CMakeFiles/CMakeTmp

Run Build Command(s):/usr/bin/make cmTC_31f69/fast && /Applications/Xcode.app/Contents/Developer/usr/bin/make  -f CMakeFiles/cmTC_31f69.dir/build.make CMakeFiles/cmTC_31f69.dir/build
Building CXX object CMakeFiles/cmTC_31f69.dir/src.cxx.o
/Applications/Xcode.app/Contents/Developer/Toolchains/XcodeDefault.xctoolchain/usr/bin/c++    -DCXX_SUPPORTS_ARMV8_CRC_CRYPTO -isysroot /Applications/Xcode.app/Contents/Developer/Platforms/MacOSX.platform/Developer/SDKs/MacOSX10.15.sdk   -march=armv8-a+crc+crypto -o CMakeFiles/cmTC_31f69.dir/src.cxx.o -c /Users/harper/git/CodecDB/engine/cmake-build-debug/CMakeFiles/CMakeTmp/src.cxx
error: unknown target CPU 'armv8-a+crc+crypto'
note: valid target CPU values are: nocona, core2, penryn, bonnell, atom, silvermont, slm, goldmont, goldmont-plus, tremont, nehalem, corei7, westmere, sandybridge, corei7-avx, ivybridge, core-avx-i, haswell, core-avx2, broadwell, skylake, skylake-avx512, skx, cascadelake, cooperlake, cannonlake, icelake-client, icelake-server, tigerlake, knl, knm, k8, athlon64, athlon-fx, opteron, k8-sse3, athlon64-sse3, opteron-sse3, amdfam10, barcelona, btver1, btver2, bdver1, bdver2, bdver3, bdver4, znver1, znver2, x86-64
make[1]: *** [CMakeFiles/cmTC_31f69.dir/src.cxx.o] Error 1
make: *** [cmTC_31f69/fast] Error 2


Source file was:
int main() { return 0; }
